#! /c/Source/iverilog-install/bin/vvp
:ivl_version "12.0 (devel)" "(s20150603-1539-g2693dd32b)";
:ivl_delay_selection "TYPICAL";
:vpi_time_precision + 0;
:vpi_module "D:\iverilog\lib\ivl\system.vpi";
:vpi_module "D:\iverilog\lib\ivl\vhdl_sys.vpi";
:vpi_module "D:\iverilog\lib\ivl\vhdl_textio.vpi";
:vpi_module "D:\iverilog\lib\ivl\v2005_math.vpi";
:vpi_module "D:\iverilog\lib\ivl\va_math.vpi";
S_0000016bfd7a2870 .scope module, "ICache" "ICache" 2 2;
 .timescale 0 0;
    .port_info 0 /INPUT 1 "clk";
    .port_info 1 /INPUT 1 "rst";
    .port_info 2 /INPUT 1 "rdy";
    .port_info 3 /INPUT 8 "mem_din";
    .port_info 4 /OUTPUT 8 "mem_dout";
    .port_info 5 /OUTPUT 32 "mem_a";
    .port_info 6 /OUTPUT 1 "mem_wr";
    .port_info 7 /INPUT 1 "PC";
    .port_info 8 /INPUT 1 "rn";
v0000016bfd7a2a00_0 .var "Cache", 262143 0;
o0000016bfd7d7008 .functor BUFZ 1, C4<z>; HiZ drive
v0000016bfd7a2aa0_0 .net "PC", 0 0, o0000016bfd7d7008;  0 drivers
v0000016bfd7a2b40_0 .var "Tag", 1279 0;
o0000016bfd7d7068 .functor BUFZ 1, C4<z>; HiZ drive
v0000016bfd91a740_0 .net "clk", 0 0, o0000016bfd7d7068;  0 drivers
v0000016bfd91a7e0_0 .var "mem_a", 31 0;
o0000016bfd7d70c8 .functor BUFZ 8, C4<zzzzzzzz>; HiZ drive
v0000016bfd91a880_0 .net "mem_din", 7 0, o0000016bfd7d70c8;  0 drivers
v0000016bfd91a920_0 .var "mem_dout", 7 0;
v0000016bfd91a9c0_0 .var "mem_wr", 0 0;
o0000016bfd7d7158 .functor BUFZ 1, C4<z>; HiZ drive
v0000016bfd7d3890_0 .net "rdy", 0 0, o0000016bfd7d7158;  0 drivers
o0000016bfd7d7188 .functor BUFZ 1, C4<z>; HiZ drive
v0000016bfd7d3930_0 .net "rn", 0 0, o0000016bfd7d7188;  0 drivers
o0000016bfd7d71b8 .functor BUFZ 1, C4<z>; HiZ drive
v0000016bfd7d39d0_0 .net "rst", 0 0, o0000016bfd7d71b8;  0 drivers
E_0000016bfd7d61d0 .event posedge, v0000016bfd91a740_0;
    .scope S_0000016bfd7a2870;
T_0 ;
    %wait E_0000016bfd7d61d0;
    %load/vec4 v0000016bfd7d39d0_0;
    %flag_set/vec4 8;
    %jmp/0xz  T_0.0, 8;
    %pushi/vec4 0, 0, 32;
    %assign/vec4 v0000016bfd91a7e0_0, 0;
    %pushi/vec4 0, 0, 1;
    %assign/vec4 v0000016bfd91a9c0_0, 0;
    %pushi/vec4 0, 0, 262144;
    %assign/vec4 v0000016bfd7a2a00_0, 0;
    %pushi/vec4 0, 0, 1280;
    %assign/vec4 v0000016bfd7a2b40_0, 0;
    %jmp T_0.1;
T_0.0 ;
    %load/vec4 v0000016bfd7d3930_0;
    %flag_set/vec4 8;
    %jmp/0xz  T_0.2, 8;
T_0.2 ;
T_0.1 ;
    %jmp T_0;
    .thread T_0;
# The file index is used to find the file name in the following table.
:file_names 3;
    "N/A";
    "<interactive>";
    "Icache.v";
