#! /c/Source/iverilog-install/bin/vvp
:ivl_version "12.0 (devel)" "(s20150603-1539-g2693dd32b)";
:ivl_delay_selection "TYPICAL";
:vpi_time_precision + 0;
:vpi_module "D:\iverilog\lib\ivl\system.vpi";
:vpi_module "D:\iverilog\lib\ivl\vhdl_sys.vpi";
:vpi_module "D:\iverilog\lib\ivl\vhdl_textio.vpi";
:vpi_module "D:\iverilog\lib\ivl\v2005_math.vpi";
:vpi_module "D:\iverilog\lib\ivl\va_math.vpi";
S_0000022e92f72870 .scope module, "mem_ctrl" "mem_ctrl" 2 2;
 .timescale 0 0;
    .port_info 0 /INPUT 1 "clk";
    .port_info 1 /INPUT 1 "rst";
    .port_info 2 /INPUT 1 "rdy";
    .port_info 3 /INPUT 8 "mem_din";
    .port_info 4 /OUTPUT 8 "mem_dout";
    .port_info 5 /OUTPUT 32 "mem_a";
    .port_info 6 /OUTPUT 1 "mem_wr";
    .port_info 7 /INPUT 1 "IC_rn";
    .port_info 8 /INPUT 32 "IC_addr";
    .port_info 9 /OUTPUT 1 "IC_ready";
    .port_info 10 /OUTPUT 32 "IC_value";
    .port_info 11 /INPUT 1 "LSB_rn";
    .port_info 12 /INPUT 1 "LSB_wn";
    .port_info 13 /INPUT 32 "LSB_Wvalue";
    .port_info 14 /INPUT 32 "LSB_addr";
    .port_info 15 /OUTPUT 1 "LSB_ready";
    .port_info 16 /OUTPUT 32 "LSB_value";
P_0000022e92f72a00 .param/l "IC" 1 2 32, +C4<00000000000000000000000000000001>;
P_0000022e92f72a38 .param/l "LSB_r" 1 2 32, +C4<00000000000000000000000000000010>;
P_0000022e92f72a70 .param/l "LSB_w" 1 2 32, +C4<00000000000000000000000000000011>;
P_0000022e92f72aa8 .param/l "OffWork" 1 2 32, +C4<00000000000000000000000000000000>;
o0000022e92fc1f58 .functor BUFZ 32, C4<zzzzzzzzzzzzzzzzzzzzzzzzzzzzzzzz>; HiZ drive
v0000022e92f72de0_0 .net "IC_addr", 31 0, o0000022e92fc1f58;  0 drivers
v0000022e92f72af0_0 .var "IC_ready", 0 0;
o0000022e92fc1fb8 .functor BUFZ 1, C4<z>; HiZ drive
v0000022e930133e0_0 .net "IC_rn", 0 0, o0000022e92fc1fb8;  0 drivers
v0000022e93013480_0 .var "IC_value", 31 0;
o0000022e92fc2018 .functor BUFZ 32, C4<zzzzzzzzzzzzzzzzzzzzzzzzzzzzzzzz>; HiZ drive
v0000022e93013520_0 .net "LSB_Wvalue", 31 0, o0000022e92fc2018;  0 drivers
o0000022e92fc2048 .functor BUFZ 32, C4<zzzzzzzzzzzzzzzzzzzzzzzzzzzzzzzz>; HiZ drive
v0000022e930135c0_0 .net "LSB_addr", 31 0, o0000022e92fc2048;  0 drivers
v0000022e93013660_0 .var "LSB_ready", 0 0;
o0000022e92fc20a8 .functor BUFZ 1, C4<z>; HiZ drive
v0000022e93013700_0 .net "LSB_rn", 0 0, o0000022e92fc20a8;  0 drivers
v0000022e930137a0_0 .var "LSB_value", 31 0;
o0000022e92fc2108 .functor BUFZ 1, C4<z>; HiZ drive
v0000022e93013840_0 .net "LSB_wn", 0 0, o0000022e92fc2108;  0 drivers
v0000022e930138e0_0 .var "Reading", 0 0;
v0000022e93013980_0 .var "boss", 0 0;
o0000022e92fc2198 .functor BUFZ 1, C4<z>; HiZ drive
v0000022e93013a20_0 .net "clk", 0 0, o0000022e92fc2198;  0 drivers
v0000022e93013ac0_0 .var "data", 31 0;
v0000022e93013b60_0 .var "mem_a", 31 0;
o0000022e92fc2228 .functor BUFZ 8, C4<zzzzzzzz>; HiZ drive
v0000022e93013c00_0 .net "mem_din", 7 0, o0000022e92fc2228;  0 drivers
v0000022e92fa3c50_0 .var "mem_dout", 7 0;
v0000022e92fa32f0_0 .var "mem_wr", 0 0;
o0000022e92fc22b8 .functor BUFZ 1, C4<z>; HiZ drive
v0000022e92fa31b0_0 .net "rdy", 0 0, o0000022e92fc22b8;  0 drivers
o0000022e92fc22e8 .functor BUFZ 1, C4<z>; HiZ drive
v0000022e92fa3430_0 .net "rst", 0 0, o0000022e92fc22e8;  0 drivers
v0000022e92fa3390_0 .var "starter", 0 0;
v0000022e92fa34d0_0 .var "working", 0 0;
E_0000022e92f98390 .event posedge, v0000022e93013a20_0;
    .scope S_0000022e92f72870;
T_0 ;
    %pushi/vec4 0, 0, 1;
    %store/vec4 v0000022e930138e0_0, 0, 1;
    %pushi/vec4 0, 0, 1;
    %store/vec4 v0000022e92fa34d0_0, 0, 1;
    %pushi/vec4 1, 0, 1;
    %store/vec4 v0000022e92fa3390_0, 0, 1;
    %end;
    .thread T_0;
    .scope S_0000022e92f72870;
T_1 ;
    %wait E_0000022e92f98390;
    %load/vec4 v0000022e92fa3430_0;
    %flag_set/vec4 8;
    %jmp/0xz  T_1.0, 8;
    %pushi/vec4 0, 0, 1;
    %assign/vec4 v0000022e92f72af0_0, 0;
    %pushi/vec4 0, 0, 32;
    %assign/vec4 v0000022e93013480_0, 0;
    %pushi/vec4 0, 0, 1;
    %assign/vec4 v0000022e93013660_0, 0;
    %pushi/vec4 0, 0, 32;
    %assign/vec4 v0000022e930137a0_0, 0;
    %pushi/vec4 0, 0, 1;
    %assign/vec4 v0000022e930138e0_0, 0;
    %pushi/vec4 0, 0, 8;
    %assign/vec4 v0000022e92fa3c50_0, 0;
    %pushi/vec4 0, 0, 32;
    %assign/vec4 v0000022e93013b60_0, 0;
    %pushi/vec4 0, 0, 1;
    %assign/vec4 v0000022e92fa32f0_0, 0;
    %pushi/vec4 0, 0, 1;
    %assign/vec4 v0000022e92fa34d0_0, 0;
    %pushi/vec4 0, 0, 1;
    %assign/vec4 v0000022e93013980_0, 0;
    %pushi/vec4 0, 0, 1;
    %assign/vec4 v0000022e930138e0_0, 0;
    %pushi/vec4 1, 0, 1;
    %assign/vec4 v0000022e92fa3390_0, 0;
    %jmp T_1.1;
T_1.0 ;
    %load/vec4 v0000022e93013980_0;
    %pad/u 32;
    %cmpi/e 1, 0, 32;
    %jmp/1 T_1.4, 4;
    %flag_mov 8, 4;
    %load/vec4 v0000022e93013980_0;
    %pad/u 32;
    %pushi/vec4 0, 0, 32;
    %cmp/e;
    %flag_get/vec4 4;
    %load/vec4 v0000022e930133e0_0;
    %and;
    %flag_set/vec4 9;
    %flag_or 9, 8;
    %flag_mov 4, 9;
T_1.4;
    %jmp/0xz  T_1.2, 4;
    %load/vec4 v0000022e93013980_0;
    %nor/r;
    %flag_set/vec4 8;
    %jmp/0xz  T_1.5, 8;
    %pushi/vec4 0, 0, 1;
    %assign/vec4 v0000022e92f72af0_0, 0;
    %pushi/vec4 1, 0, 1;
    %assign/vec4 v0000022e93013980_0, 0;
    %pushi/vec4 0, 0, 1;
    %assign/vec4 v0000022e92fa3390_0, 0;
T_1.5 ;
    %load/vec4 v0000022e92fa34d0_0;
    %nor/r;
    %load/vec4 v0000022e92fa3390_0;
    %or;
    %flag_set/vec4 8;
    %jmp/0xz  T_1.7, 8;
    %load/vec4 v0000022e930138e0_0;
    %pad/u 3;
    %dup/vec4;
    %pushi/vec4 0, 0, 3;
    %cmp/u;
    %jmp/1 T_1.9, 6;
    %dup/vec4;
    %pushi/vec4 1, 0, 3;
    %cmp/u;
    %jmp/1 T_1.10, 6;
    %dup/vec4;
    %pushi/vec4 2, 0, 3;
    %cmp/u;
    %jmp/1 T_1.11, 6;
    %dup/vec4;
    %pushi/vec4 3, 0, 3;
    %cmp/u;
    %jmp/1 T_1.12, 6;
    %dup/vec4;
    %pushi/vec4 4, 0, 3;
    %cmp/u;
    %jmp/1 T_1.13, 6;
    %dup/vec4;
    %pushi/vec4 5, 0, 3;
    %cmp/u;
    %jmp/1 T_1.14, 6;
    %jmp T_1.15;
T_1.9 ;
    %pushi/vec4 0, 0, 1;
    %assign/vec4 v0000022e92f72af0_0, 0;
    %load/vec4 v0000022e92f72de0_0;
    %assign/vec4 v0000022e93013b60_0, 0;
    %pushi/vec4 1, 0, 1;
    %assign/vec4 v0000022e92fa32f0_0, 0;
    %load/vec4 v0000022e930138e0_0;
    %pad/u 2;
    %addi 1, 0, 2;
    %pad/u 1;
    %assign/vec4 v0000022e930138e0_0, 0;
    %jmp T_1.15;
T_1.10 ;
    %load/vec4 v0000022e93013c00_0;
    %ix/load 4, 0, 0;
    %ix/load 5, 0, 0;
    %flag_set/imm 4, 0;
    %assign/vec4/off/d v0000022e93013ac0_0, 4, 5;
    %load/vec4 v0000022e930138e0_0;
    %pad/u 2;
    %addi 1, 0, 2;
    %pad/u 1;
    %assign/vec4 v0000022e930138e0_0, 0;
    %jmp T_1.15;
T_1.11 ;
    %load/vec4 v0000022e93013c00_0;
    %ix/load 4, 8, 0;
    %ix/load 5, 0, 0;
    %flag_set/imm 4, 0;
    %assign/vec4/off/d v0000022e93013ac0_0, 4, 5;
    %load/vec4 v0000022e930138e0_0;
    %pad/u 2;
    %addi 1, 0, 2;
    %pad/u 1;
    %assign/vec4 v0000022e930138e0_0, 0;
    %jmp T_1.15;
T_1.12 ;
    %load/vec4 v0000022e93013c00_0;
    %ix/load 4, 16, 0;
    %ix/load 5, 0, 0;
    %flag_set/imm 4, 0;
    %assign/vec4/off/d v0000022e93013ac0_0, 4, 5;
    %load/vec4 v0000022e930138e0_0;
    %pad/u 2;
    %addi 1, 0, 2;
    %pad/u 1;
    %assign/vec4 v0000022e930138e0_0, 0;
    %jmp T_1.15;
T_1.13 ;
    %load/vec4 v0000022e93013c00_0;
    %ix/load 4, 24, 0;
    %ix/load 5, 0, 0;
    %flag_set/imm 4, 0;
    %assign/vec4/off/d v0000022e93013ac0_0, 4, 5;
    %load/vec4 v0000022e930138e0_0;
    %pad/u 2;
    %addi 1, 0, 2;
    %pad/u 1;
    %assign/vec4 v0000022e930138e0_0, 0;
    %jmp T_1.15;
T_1.14 ;
    %pushi/vec4 1, 0, 1;
    %assign/vec4 v0000022e92f72af0_0, 0;
    %load/vec4 v0000022e93013ac0_0;
    %assign/vec4 v0000022e93013480_0, 0;
    %pushi/vec4 0, 0, 1;
    %assign/vec4 v0000022e930138e0_0, 0;
    %pushi/vec4 0, 0, 1;
    %assign/vec4 v0000022e93013980_0, 0;
    %pushi/vec4 1, 0, 1;
    %assign/vec4 v0000022e92fa3390_0, 0;
    %jmp T_1.15;
T_1.15 ;
    %pop/vec4 1;
T_1.7 ;
    %load/vec4 v0000022e92fa34d0_0;
    %pad/u 2;
    %pushi/vec4 1, 0, 2;
    %xor;
    %pad/u 1;
    %assign/vec4 v0000022e92fa34d0_0, 0;
    %jmp T_1.3;
T_1.2 ;
    %load/vec4 v0000022e93013980_0;
    %pad/u 32;
    %cmpi/e 2, 0, 32;
    %jmp/1 T_1.18, 4;
    %flag_mov 8, 4;
    %load/vec4 v0000022e93013980_0;
    %pad/u 32;
    %pushi/vec4 0, 0, 32;
    %cmp/e;
    %flag_get/vec4 4;
    %load/vec4 v0000022e93013700_0;
    %and;
    %flag_set/vec4 9;
    %flag_or 9, 8;
    %flag_mov 4, 9;
T_1.18;
    %jmp/0xz  T_1.16, 4;
    %load/vec4 v0000022e93013980_0;
    %nor/r;
    %flag_set/vec4 8;
    %jmp/0xz  T_1.19, 8;
    %pushi/vec4 0, 0, 1;
    %assign/vec4 v0000022e93013660_0, 0;
    %pushi/vec4 0, 0, 1;
    %assign/vec4 v0000022e93013980_0, 0;
    %pushi/vec4 0, 0, 1;
    %assign/vec4 v0000022e92fa3390_0, 0;
T_1.19 ;
    %load/vec4 v0000022e92fa34d0_0;
    %nor/r;
    %flag_set/vec4 8;
    %jmp/0xz  T_1.21, 8;
    %load/vec4 v0000022e930138e0_0;
    %pad/u 3;
    %dup/vec4;
    %pushi/vec4 0, 0, 3;
    %cmp/u;
    %jmp/1 T_1.23, 6;
    %dup/vec4;
    %pushi/vec4 1, 0, 3;
    %cmp/u;
    %jmp/1 T_1.24, 6;
    %dup/vec4;
    %pushi/vec4 2, 0, 3;
    %cmp/u;
    %jmp/1 T_1.25, 6;
    %dup/vec4;
    %pushi/vec4 3, 0, 3;
    %cmp/u;
    %jmp/1 T_1.26, 6;
    %dup/vec4;
    %pushi/vec4 4, 0, 3;
    %cmp/u;
    %jmp/1 T_1.27, 6;
    %dup/vec4;
    %pushi/vec4 5, 0, 3;
    %cmp/u;
    %jmp/1 T_1.28, 6;
    %jmp T_1.29;
T_1.23 ;
    %load/vec4 v0000022e930135c0_0;
    %assign/vec4 v0000022e93013b60_0, 0;
    %pushi/vec4 1, 0, 1;
    %assign/vec4 v0000022e92fa32f0_0, 0;
    %load/vec4 v0000022e930138e0_0;
    %pad/u 2;
    %addi 1, 0, 2;
    %pad/u 1;
    %assign/vec4 v0000022e930138e0_0, 0;
    %jmp T_1.29;
T_1.24 ;
    %load/vec4 v0000022e93013c00_0;
    %ix/load 4, 0, 0;
    %ix/load 5, 0, 0;
    %flag_set/imm 4, 0;
    %assign/vec4/off/d v0000022e93013ac0_0, 4, 5;
    %load/vec4 v0000022e930138e0_0;
    %pad/u 2;
    %addi 1, 0, 2;
    %pad/u 1;
    %assign/vec4 v0000022e930138e0_0, 0;
    %jmp T_1.29;
T_1.25 ;
    %load/vec4 v0000022e93013c00_0;
    %ix/load 4, 8, 0;
    %ix/load 5, 0, 0;
    %flag_set/imm 4, 0;
    %assign/vec4/off/d v0000022e93013ac0_0, 4, 5;
    %load/vec4 v0000022e930138e0_0;
    %pad/u 2;
    %addi 1, 0, 2;
    %pad/u 1;
    %assign/vec4 v0000022e930138e0_0, 0;
    %jmp T_1.29;
T_1.26 ;
    %load/vec4 v0000022e93013c00_0;
    %ix/load 4, 16, 0;
    %ix/load 5, 0, 0;
    %flag_set/imm 4, 0;
    %assign/vec4/off/d v0000022e93013ac0_0, 4, 5;
    %load/vec4 v0000022e930138e0_0;
    %pad/u 2;
    %addi 1, 0, 2;
    %pad/u 1;
    %assign/vec4 v0000022e930138e0_0, 0;
    %jmp T_1.29;
T_1.27 ;
    %load/vec4 v0000022e93013c00_0;
    %ix/load 4, 24, 0;
    %ix/load 5, 0, 0;
    %flag_set/imm 4, 0;
    %assign/vec4/off/d v0000022e93013ac0_0, 4, 5;
    %load/vec4 v0000022e930138e0_0;
    %pad/u 2;
    %addi 1, 0, 2;
    %pad/u 1;
    %assign/vec4 v0000022e930138e0_0, 0;
    %jmp T_1.29;
T_1.28 ;
    %pushi/vec4 1, 0, 1;
    %assign/vec4 v0000022e93013660_0, 0;
    %load/vec4 v0000022e93013ac0_0;
    %assign/vec4 v0000022e930137a0_0, 0;
    %pushi/vec4 0, 0, 1;
    %assign/vec4 v0000022e930138e0_0, 0;
    %pushi/vec4 0, 0, 1;
    %assign/vec4 v0000022e93013980_0, 0;
    %pushi/vec4 1, 0, 1;
    %assign/vec4 v0000022e92fa3390_0, 0;
    %jmp T_1.29;
T_1.29 ;
    %pop/vec4 1;
T_1.21 ;
    %load/vec4 v0000022e92fa34d0_0;
    %pad/u 2;
    %pushi/vec4 1, 0, 2;
    %xor;
    %pad/u 1;
    %assign/vec4 v0000022e92fa34d0_0, 0;
    %jmp T_1.17;
T_1.16 ;
    %load/vec4 v0000022e93013980_0;
    %pad/u 32;
    %cmpi/e 3, 0, 32;
    %flag_get/vec4 4;
    %jmp/0 T_1.32, 4;
    %load/vec4 v0000022e93013980_0;
    %pad/u 32;
    %cmpi/e 0, 0, 32;
    %flag_get/vec4 4;
    %jmp/0 T_1.33, 4;
    %load/vec4 v0000022e93013840_0;
    %and;
T_1.33;
    %and;
T_1.32;
    %flag_set/vec4 8;
    %jmp/0xz  T_1.30, 8;
    %load/vec4 v0000022e93013980_0;
    %nor/r;
    %flag_set/vec4 8;
    %jmp/0xz  T_1.34, 8;
    %pushi/vec4 1, 0, 1;
    %assign/vec4 v0000022e93013980_0, 0;
    %pushi/vec4 0, 0, 1;
    %assign/vec4 v0000022e93013660_0, 0;
    %pushi/vec4 0, 0, 1;
    %assign/vec4 v0000022e92fa3390_0, 0;
T_1.34 ;
    %load/vec4 v0000022e92fa34d0_0;
    %nor/r;
    %flag_set/vec4 8;
    %jmp/0xz  T_1.36, 8;
    %load/vec4 v0000022e930138e0_0;
    %pad/u 3;
    %dup/vec4;
    %pushi/vec4 0, 0, 3;
    %cmp/u;
    %jmp/1 T_1.38, 6;
    %dup/vec4;
    %pushi/vec4 1, 0, 3;
    %cmp/u;
    %jmp/1 T_1.39, 6;
    %dup/vec4;
    %pushi/vec4 2, 0, 3;
    %cmp/u;
    %jmp/1 T_1.40, 6;
    %dup/vec4;
    %pushi/vec4 3, 0, 3;
    %cmp/u;
    %jmp/1 T_1.41, 6;
    %dup/vec4;
    %pushi/vec4 4, 0, 3;
    %cmp/u;
    %jmp/1 T_1.42, 6;
    %dup/vec4;
    %pushi/vec4 5, 0, 3;
    %cmp/u;
    %jmp/1 T_1.43, 6;
    %jmp T_1.44;
T_1.38 ;
    %load/vec4 v0000022e930135c0_0;
    %assign/vec4 v0000022e93013b60_0, 0;
    %pushi/vec4 0, 0, 1;
    %assign/vec4 v0000022e92fa32f0_0, 0;
    %load/vec4 v0000022e930138e0_0;
    %pad/u 2;
    %addi 1, 0, 2;
    %pad/u 1;
    %assign/vec4 v0000022e930138e0_0, 0;
    %load/vec4 v0000022e93013520_0;
    %assign/vec4 v0000022e93013ac0_0, 0;
    %jmp T_1.44;
T_1.39 ;
    %load/vec4 v0000022e93013ac0_0;
    %parti/s 8, 0, 2;
    %assign/vec4 v0000022e92fa3c50_0, 0;
    %load/vec4 v0000022e930138e0_0;
    %pad/u 2;
    %addi 1, 0, 2;
    %pad/u 1;
    %assign/vec4 v0000022e930138e0_0, 0;
    %jmp T_1.44;
T_1.40 ;
    %load/vec4 v0000022e93013ac0_0;
    %parti/s 8, 8, 5;
    %assign/vec4 v0000022e92fa3c50_0, 0;
    %load/vec4 v0000022e930138e0_0;
    %pad/u 2;
    %addi 1, 0, 2;
    %pad/u 1;
    %assign/vec4 v0000022e930138e0_0, 0;
    %jmp T_1.44;
T_1.41 ;
    %load/vec4 v0000022e93013ac0_0;
    %parti/s 8, 16, 6;
    %assign/vec4 v0000022e92fa3c50_0, 0;
    %load/vec4 v0000022e930138e0_0;
    %pad/u 2;
    %addi 1, 0, 2;
    %pad/u 1;
    %assign/vec4 v0000022e930138e0_0, 0;
    %jmp T_1.44;
T_1.42 ;
    %load/vec4 v0000022e93013ac0_0;
    %parti/s 8, 24, 6;
    %assign/vec4 v0000022e92fa3c50_0, 0;
    %load/vec4 v0000022e930138e0_0;
    %pad/u 2;
    %addi 1, 0, 2;
    %pad/u 1;
    %assign/vec4 v0000022e930138e0_0, 0;
    %jmp T_1.44;
T_1.43 ;
    %pushi/vec4 0, 0, 1;
    %assign/vec4 v0000022e930138e0_0, 0;
    %pushi/vec4 1, 0, 1;
    %assign/vec4 v0000022e93013660_0, 0;
    %pushi/vec4 0, 0, 1;
    %assign/vec4 v0000022e93013980_0, 0;
    %pushi/vec4 1, 0, 1;
    %assign/vec4 v0000022e92fa3390_0, 0;
    %jmp T_1.44;
T_1.44 ;
    %pop/vec4 1;
T_1.36 ;
    %load/vec4 v0000022e92fa34d0_0;
    %pad/u 2;
    %pushi/vec4 1, 0, 2;
    %xor;
    %pad/u 1;
    %assign/vec4 v0000022e92fa34d0_0, 0;
T_1.30 ;
T_1.17 ;
T_1.3 ;
T_1.1 ;
    %jmp T_1;
    .thread T_1;
# The file index is used to find the file name in the following table.
:file_names 3;
    "N/A";
    "<interactive>";
    "mem_ctrl.v";
